<?xml version="1.0" encoding="UTF-8"?>
<!-- Generated by org.testng.reporters.JUnitReportReporter -->
<testsuite skipped="0" hostname="HDC3-L-76XXMF2" name="site_monitoring.DisplayAssetSizeDriver" tests="1" failures="0" timestamp="24 Jun 2020 09:29:46 GMT" time="3.342" errors="0">
  <testcase name="SizeOfAssets" time="3.342" classname="site_monitoring.DisplayAssetSizeDriver"/>
</testsuite> <!-- site_monitoring.DisplayAssetSizeDriver -->
