<?xml version="1.0" encoding="UTF-8"?>
<!-- Generated by org.testng.reporters.JUnitReportReporter -->
<testsuite hostname="HDC3-L-7221L26" name="tools.Phase6_ImageCompare" tests="1" failures="0" timestamp="21 Aug 2018 09:30:21 GMT" time="106.731" errors="0">
  <testcase name="imageComparison" time="106.731" classname="tools.Phase6_ImageCompare"/>
</testsuite> <!-- tools.Phase6_ImageCompare -->
