<?xml version="1.0" encoding="UTF-8"?>
<!-- Generated by org.testng.reporters.JUnitReportReporter -->
<testsuite skipped="0" hostname="HDC3-L-76XXMF2" name="global_suite.SampleTest" tests="1" failures="0" timestamp="10 May 2020 15:32:31 GMT" time="281.670" errors="0">
  <testcase name="HealthCheck" time="281.670" classname="global_suite.SampleTest"/>
</testsuite> <!-- global_suite.SampleTest -->
