<?xml version="1.0" encoding="UTF-8"?>
<!-- Generated by org.testng.reporters.JUnitReportReporter -->
<testsuite hostname="HDC3-L-7221L26" name="tools.Phase1_BrokenLinks" tests="1" failures="0" timestamp="24 Jul 2018 13:35:26 GMT" time="78.337" errors="0">
  <testcase name="BrokenLinks_Phase1" time="78.337" classname="tools.Phase1_BrokenLinks"/>
</testsuite> <!-- tools.Phase1_BrokenLinks -->
