<?xml version="1.0" encoding="UTF-8"?>
<!-- Generated by org.testng.reporters.JUnitReportReporter -->
<testsuite skipped="0" hostname="HDC3-D-F64MGP2" name="global_suite.HealthChecks_ResponseTime" tests="1" failures="0" timestamp="20 Feb 2019 15:29:23 GMT" time="58.736" errors="0">
  <testcase name="HealthCheck" time="58.736" classname="global_suite.HealthChecks_ResponseTime"/>
</testsuite> <!-- global_suite.HealthChecks_ResponseTime -->
