<?xml version="1.0" encoding="UTF-8"?>
<!-- Generated by org.testng.reporters.JUnitReportReporter -->
<testsuite skipped="0" hostname="HDC3-D-F64MGP2" name="site_monitoring.PageComparison1" tests="1" failures="0" timestamp="07 Jan 2019 09:46:40 GMT" time="500.204" errors="1">
  <testcase name="ImageComparison" time="500.204" classname="site_monitoring.PageComparison1">
    <error type="java.lang.OutOfMemoryError" message="Java heap space">
      <![CDATA[java.lang.OutOfMemoryError: Java heap space
at java.util.LinkedHashMap.newTreeNode(Unknown Source)
at java.util.HashMap$TreeNode.putTreeVal(Unknown Source)
at java.util.HashMap.putVal(Unknown Source)
at java.util.HashMap.put(Unknown Source)
at java.util.HashSet.add(Unknown Source)
at ru.yandex.qatools.ashot.comparison.PointsMarkupPolicy.addDiffPoint(PointsMarkupPolicy.java:43)
at ru.yandex.qatools.ashot.comparison.ImageDiff.addDiffPoint(ImageDiff.java:50)
at ru.yandex.qatools.ashot.comparison.ImageDiffer.markDiffPoints(ImageDiffer.java:75)
at ru.yandex.qatools.ashot.comparison.ImageDiffer.makeDiff(ImageDiffer.java:51)
at ru.yandex.qatools.ashot.comparison.ImageDiffer.makeDiff(ImageDiffer.java:86)
at site_monitoring.PageComparison1.ImageComparison(PageComparison1.java:379)
at sun.reflect.NativeMethodAccessorImpl.invoke0(Native Method)
at sun.reflect.NativeMethodAccessorImpl.invoke(Unknown Source)
at sun.reflect.DelegatingMethodAccessorImpl.invoke(Unknown Source)
at java.lang.reflect.Method.invoke(Unknown Source)
at org.testng.internal.MethodInvocationHelper.invokeMethod(MethodInvocationHelper.java:124)
at org.testng.internal.Invoker.invokeMethod(Invoker.java:580)
at org.testng.internal.Invoker.invokeTestMethod(Invoker.java:716)
at org.testng.internal.Invoker.invokeTestMethods(Invoker.java:988)
at org.testng.internal.TestMethodWorker.invokeTestMethods(TestMethodWorker.java:125)
at org.testng.internal.TestMethodWorker.run(TestMethodWorker.java:109)
at org.testng.TestRunner.privateRun(TestRunner.java:648)
at org.testng.TestRunner.run(TestRunner.java:505)
at org.testng.SuiteRunner.runTest(SuiteRunner.java:455)
at org.testng.SuiteRunner.runSequentially(SuiteRunner.java:450)
at org.testng.SuiteRunner.privateRun(SuiteRunner.java:415)
at org.testng.SuiteRunner.run(SuiteRunner.java:364)
at org.testng.SuiteRunnerWorker.runSuite(SuiteRunnerWorker.java:52)
at org.testng.SuiteRunnerWorker.run(SuiteRunnerWorker.java:84)
at org.testng.TestNG.runSuitesSequentially(TestNG.java:1208)
at org.testng.TestNG.runSuitesLocally(TestNG.java:1137)
at org.testng.TestNG.runSuites(TestNG.java:1049)
]]>
    </error>
  </testcase> <!-- ImageComparison -->
</testsuite> <!-- site_monitoring.PageComparison1 -->
