<?xml version="1.0" encoding="UTF-8"?>
<!-- Generated by org.testng.reporters.JUnitReportReporter -->
<testsuite hostname="HDC3-L-7221L26" name="tools.Phase3_FindMissingAssets" tests="1" failures="0" timestamp="27 Jun 2018 05:52:02 GMT" time="70.859" errors="0">
  <testcase name="findmissingassets" time="70.859" classname="tools.Phase3_FindMissingAssets"/>
</testsuite> <!-- tools.Phase3_FindMissingAssets -->
