<?xml version="1.0" encoding="UTF-8"?>
<!-- Generated by org.testng.reporters.JUnitReportReporter -->
<testsuite hostname="HDC3-L-7221L26" name="tools.Phase4_DisplayAssetSize" tests="1" failures="0" timestamp="10 Jul 2018 12:08:41 GMT" time="27.567" errors="0">
  <testcase name="SizeOfAssets" time="27.567" classname="tools.Phase4_DisplayAssetSize"/>
</testsuite> <!-- tools.Phase4_DisplayAssetSize -->
