<?xml version="1.0" encoding="UTF-8"?>
<!-- Generated by org.testng.reporters.JUnitReportReporter -->
<testsuite skipped="0" hostname="HDC3-L-76XXMF2" name="site_monitoring.PageComparison" tests="1" failures="0" timestamp="25 Mar 2021 11:06:11 GMT" time="69.181" errors="0">
  <testcase name="ImageComparison" time="69.181" classname="site_monitoring.PageComparison"/>
</testsuite> <!-- site_monitoring.PageComparison -->
