<?xml version="1.0" encoding="UTF-8"?>
<!-- Generated by org.testng.reporters.JUnitReportReporter -->
<testsuite skipped="0" hostname="HDC3-D-F64MGP2" name="python_scripts.GlobalSuite_Final" tests="1" failures="0" timestamp="11 Sep 2018 13:32:40 GMT" time="33.554" errors="0">
  <testcase name="NatWestPersonal" time="33.554" classname="python_scripts.GlobalSuite_Final"/>
</testsuite> <!-- python_scripts.GlobalSuite_Final -->
