<?xml version="1.0" encoding="UTF-8"?>
<!-- Generated by org.testng.reporters.JUnitReportReporter -->
<testsuite skipped="0" hostname="HDC3-D-F64MGP2" name="site_monitoring.Phase1_BrokenLinks" tests="1" failures="0" timestamp="21 Sep 2018 12:34:54 GMT" time="0.063" errors="1">
  <testcase name="BrokenLinks_Phase1" time="0.063" classname="site_monitoring.Phase1_BrokenLinks">
    <error type="java.lang.NoSuchMethodError" message="org.apache.poi.util.POILogger.log(ILjava/lang/Object;Ljava/lang/Throwable;)V">
      <![CDATA[java.lang.NoSuchMethodError: org.apache.poi.util.POILogger.log(ILjava/lang/Object;Ljava/lang/Throwable;)V
at org.apache.poi.util.DocumentHelper.trySetXercesSecurityManager(DocumentHelper.java:84)
at org.apache.poi.util.DocumentHelper.<clinit>(DocumentHelper.java:57)
at org.apache.poi.openxml4j.opc.internal.ContentTypeManager.parseContentTypesFile(ContentTypeManager.java:376)
at org.apache.poi.openxml4j.opc.internal.ContentTypeManager.<init>(ContentTypeManager.java:102)
at org.apache.poi.openxml4j.opc.internal.ZipContentTypeManager.<init>(ZipContentTypeManager.java:54)
at org.apache.poi.openxml4j.opc.ZipPackage.getPartsImpl(ZipPackage.java:192)
at org.apache.poi.openxml4j.opc.OPCPackage.getParts(OPCPackage.java:673)
at org.apache.poi.openxml4j.opc.OPCPackage.open(OPCPackage.java:274)
at org.apache.poi.util.PackageHelper.open(PackageHelper.java:37)
at org.apache.poi.xssf.usermodel.XSSFWorkbook.<init>(XSSFWorkbook.java:258)
at com.library.ExcelFileReader.prepareTestDataSheet(ExcelFileReader.java:61)
at site_monitoring.Phase1_BrokenLinks.BrokenLinks_Phase1(Phase1_BrokenLinks.java:86)
at sun.reflect.NativeMethodAccessorImpl.invoke0(Native Method)
at sun.reflect.NativeMethodAccessorImpl.invoke(Unknown Source)
at sun.reflect.DelegatingMethodAccessorImpl.invoke(Unknown Source)
at java.lang.reflect.Method.invoke(Unknown Source)
at org.testng.internal.MethodInvocationHelper.invokeMethod(MethodInvocationHelper.java:124)
at org.testng.internal.Invoker.invokeMethod(Invoker.java:580)
at org.testng.internal.Invoker.invokeTestMethod(Invoker.java:716)
at org.testng.internal.Invoker.invokeTestMethods(Invoker.java:988)
at org.testng.internal.TestMethodWorker.invokeTestMethods(TestMethodWorker.java:125)
at org.testng.internal.TestMethodWorker.run(TestMethodWorker.java:109)
at java.util.concurrent.ThreadPoolExecutor.runWorker(Unknown Source)
at java.util.concurrent.ThreadPoolExecutor$Worker.run(Unknown Source)
at java.lang.Thread.run(Unknown Source)
]]>
    </error>
  </testcase> <!-- BrokenLinks_Phase1 -->
</testsuite> <!-- site_monitoring.Phase1_BrokenLinks -->
