<?xml version="1.0" encoding="UTF-8"?>
<!-- Generated by org.testng.reporters.JUnitReportReporter -->
<testsuite skipped="0" hostname="HDC3-D-F64MGP2" name="site_monitoring.Special_Characters" tests="1" failures="0" timestamp="24 Sep 2018 15:52:45 GMT" time="2.212" errors="1">
  <testcase name="findSpecialCharacters" time="2.212" classname="site_monitoring.Special_Characters">
    <error type="java.lang.NoClassDefFoundError" message="com/gargoylesoftware/htmlunit/WebWindowListener">
      <![CDATA[java.lang.NoClassDefFoundError: com/gargoylesoftware/htmlunit/WebWindowListener
at site_monitoring.Special_Characters.getAllLinks(Special_Characters.java:254)
at site_monitoring.Special_Characters.findSpecialCharacters(Special_Characters.java:102)
at sun.reflect.NativeMethodAccessorImpl.invoke0(Native Method)
at sun.reflect.NativeMethodAccessorImpl.invoke(Unknown Source)
at sun.reflect.DelegatingMethodAccessorImpl.invoke(Unknown Source)
at java.lang.reflect.Method.invoke(Unknown Source)
at org.testng.internal.MethodInvocationHelper.invokeMethod(MethodInvocationHelper.java:124)
at org.testng.internal.Invoker.invokeMethod(Invoker.java:580)
at org.testng.internal.Invoker.invokeTestMethod(Invoker.java:716)
at org.testng.internal.Invoker.invokeTestMethods(Invoker.java:988)
at org.testng.internal.TestMethodWorker.invokeTestMethods(TestMethodWorker.java:125)
at org.testng.internal.TestMethodWorker.run(TestMethodWorker.java:109)
at java.util.concurrent.ThreadPoolExecutor.runWorker(Unknown Source)
at java.util.concurrent.ThreadPoolExecutor$Worker.run(Unknown Source)
at java.lang.Thread.run(Unknown Source)
Caused by: java.lang.ClassNotFoundException: com.gargoylesoftware.htmlunit.WebWindowListener
at java.net.URLClassLoader.findClass(Unknown Source)
at java.lang.ClassLoader.loadClass(Unknown Source)
at sun.misc.Launcher$AppClassLoader.loadClass(Unknown Source)
at java.lang.ClassLoader.loadClass(Unknown Source)
... 15 more
]]>
    </error>
  </testcase> <!-- findSpecialCharacters -->
</testsuite> <!-- site_monitoring.Special_Characters -->
