<?xml version="1.0" encoding="UTF-8"?>
<!-- Generated by org.testng.reporters.JUnitReportReporter -->
<testsuite skipped="0" hostname="HDC3-L-76XXMF2" name="site_monitoring.DisplayAssetSizeDriver" tests="1" failures="0" timestamp="25 Mar 2021 10:35:43 GMT" time="11.123" errors="0">
  <testcase name="SizeOfAssets" time="11.123" classname="site_monitoring.DisplayAssetSizeDriver"/>
</testsuite> <!-- site_monitoring.DisplayAssetSizeDriver -->
