<?xml version="1.0" encoding="UTF-8"?>
<!-- Generated by org.testng.reporters.JUnitReportReporter -->
<testsuite skipped="0" hostname="HDC3-L-76XXMF2" name="site_monitoring.BrokenLinks" tests="1" failures="0" timestamp="25 Mar 2021 10:32:36 GMT" time="35.149" errors="0">
  <testcase name="ValidateBrokenLinks" time="35.149" classname="site_monitoring.BrokenLinks"/>
</testsuite> <!-- site_monitoring.BrokenLinks -->
