<?xml version="1.0" encoding="UTF-8"?>
<!-- Generated by org.testng.reporters.JUnitReportReporter -->
<testsuite skipped="0" hostname="HDC3-L-76XXMF2" name="site_monitoring.BrokenLinks" tests="1" failures="0" timestamp="28 May 2020 17:51:11 GMT" time="42.113" errors="0">
  <testcase name="ValidateBrokenLinks" time="42.113" classname="site_monitoring.BrokenLinks"/>
</testsuite> <!-- site_monitoring.BrokenLinks -->
