<?xml version="1.0" encoding="UTF-8"?>
<!-- Generated by org.testng.reporters.JUnitReportReporter -->
<testsuite skipped="0" hostname="HDC3-L-76XXMF2" name="site_monitoring.DisplayAssetSizeDriver" tests="1" failures="0" timestamp="26 May 2020 06:01:16 GMT" time="23.212" errors="0">
  <testcase name="SizeOfAssets" time="23.212" classname="site_monitoring.DisplayAssetSizeDriver"/>
</testsuite> <!-- site_monitoring.DisplayAssetSizeDriver -->
