<?xml version="1.0" encoding="UTF-8"?>
<!-- Generated by org.testng.reporters.JUnitReportReporter -->
<testsuite skipped="0" hostname="HDC3-D-F64MGP2" name="global_suite.HealthChecks_MortgagesTools" tests="1" failures="0" timestamp="01 Mar 2019 13:31:53 GMT" time="291.017" errors="0">
  <testcase name="HealthCheck" time="291.017" classname="global_suite.HealthChecks_MortgagesTools"/>
</testsuite> <!-- global_suite.HealthChecks_MortgagesTools -->
