<?xml version="1.0" encoding="UTF-8"?>
<!-- Generated by org.testng.reporters.JUnitReportReporter -->
<testsuite skipped="0" hostname="HDC3-L-76XXMF2" name="site_monitoring.FindingMissingAssets" tests="1" failures="0" timestamp="24 Jun 2020 09:29:46 GMT" time="2.518" errors="0">
  <testcase name="findmissingassets" time="2.518" classname="site_monitoring.FindingMissingAssets"/>
</testsuite> <!-- site_monitoring.FindingMissingAssets -->
