<?xml version="1.0" encoding="UTF-8"?>
<!-- Generated by org.testng.reporters.JUnitReportReporter -->
<testsuite skipped="0" hostname="HDC3-L-76XXMF2" name="site_monitoring.PageComparison" tests="1" failures="0" timestamp="28 May 2020 18:36:30 GMT" time="119.051" errors="0">
  <testcase name="ImageComparison" time="119.051" classname="site_monitoring.PageComparison"/>
</testsuite> <!-- site_monitoring.PageComparison -->
