<?xml version="1.0" encoding="UTF-8"?>
<!-- Generated by org.testng.reporters.JUnitReportReporter -->
<testsuite skipped="0" hostname="HDC3-L-76XXMF2" name="global_suite.Regression" tests="1" failures="0" timestamp="03 Apr 2020 06:18:33 GMT" time="59.925" errors="0">
  <testcase name="ToolsRegression" time="59.925" classname="global_suite.Regression"/>
</testsuite> <!-- global_suite.Regression -->
