<?xml version="1.0" encoding="UTF-8"?>
<!-- Generated by org.testng.reporters.JUnitReportReporter -->
<testsuite skipped="0" hostname="HDC3-L-76XXMF2" name="global_suite.HealthChecks_Journeyflows" tests="1" failures="0" timestamp="10 Jun 2019 15:12:34 GMT" time="168.744" errors="0">
  <testcase name="HealthCheck" time="168.744" classname="global_suite.HealthChecks_Journeyflows"/>
</testsuite> <!-- global_suite.HealthChecks_Journeyflows -->
