<?xml version="1.0" encoding="UTF-8"?>
<!-- Generated by org.testng.reporters.JUnitReportReporter -->
<testsuite skipped="0" hostname="HDC3-D-F64MGP2" name="site_monitoring.DisplayAssetSize" tests="1" failures="0" timestamp="13 Mar 2019 13:49:06 GMT" time="68.150" errors="0">
  <testcase name="SizeOfAssets" time="68.150" classname="site_monitoring.DisplayAssetSize"/>
</testsuite> <!-- site_monitoring.DisplayAssetSize -->
