<?xml version="1.0" encoding="UTF-8"?>
<!-- Generated by org.testng.reporters.JUnitReportReporter -->
<testsuite skipped="0" hostname="HDC3-L-76XXMF2" name="site_monitoring.ResponseTime" tests="1" failures="0" timestamp="26 May 2020 06:01:16 GMT" time="12.549" errors="0">
  <testcase name="Responsetime" time="12.549" classname="site_monitoring.ResponseTime"/>
</testsuite> <!-- site_monitoring.ResponseTime -->
