<?xml version="1.0" encoding="UTF-8"?>
<!-- Generated by org.testng.reporters.JUnitReportReporter -->
<testsuite skipped="0" hostname="HDC3-D-F64MGP2" name="global_suite.HealthChecks" tests="1" failures="0" timestamp="04 Jan 2019 12:19:15 GMT" time="478.046" errors="0">
  <testcase name="HealthCheck" time="478.046" classname="global_suite.HealthChecks"/>
</testsuite> <!-- global_suite.HealthChecks -->
