<?xml version="1.0" encoding="UTF-8"?>
<!-- Generated by org.testng.reporters.JUnitReportReporter -->
<testsuite hostname="HDC3-L-7221L26" name="tools.Phase2_FindSpecialCharacters" tests="1" failures="0" timestamp="24 Jul 2018 16:31:57 GMT" time="27.089" errors="0">
  <testcase name="findSpecialCharacters" time="27.089" classname="tools.Phase2_FindSpecialCharacters"/>
</testsuite> <!-- tools.Phase2_FindSpecialCharacters -->
