<?xml version="1.0" encoding="UTF-8"?>
<!-- Generated by org.testng.reporters.JUnitReportReporter -->
<testsuite skipped="0" hostname="HDC3-D-514SM8H" name="python_scripts.GlobalSuite_1" tests="2" failures="0" timestamp="24 Jul 2018 11:56:43 GMT" time="0.127" errors="0">
  <testcase name="Test1" time="0.076" classname="python_scripts.GlobalSuite_1"/>
  <testcase name="Test2" time="0.051" classname="python_scripts.GlobalSuite_1"/>
</testsuite> <!-- python_scripts.GlobalSuite_1 -->
